Reading netlist file: "E:\FileManager\RISCV\RISCY20kV2\impl\gwsynthesis\RISCY.vg"
Parsing netlist file "E:\FileManager\RISCV\RISCY20kV2\impl\gwsynthesis\RISCY.vg" completed
Processing netlist completed
Reading constraint file: "E:\FileManager\RISCV\RISCY20kV2\src\tangnano9k.cst"
Physical Constraint parsed completed
Running placement......
[10%] Placement Phase 0 completed
[20%] Placement Phase 1 completed
[30%] Placement Phase 2 completed
[50%] Placement Phase 3 completed
Running routing......
[60%] Routing Phase 0 completed
[70%] Routing Phase 1 completed
[80%] Routing Phase 2 completed
WARN  (PR1014) : Generic routing resource will be used to clock signal 'clk_d' by the specified constraint. And then it may lead to the excessive delay or skew
[90%] Routing Phase 3 completed
Running timing analysis......
[95%] Timing analysis completed
Placement and routing completed
Bitstream generation in progress......
Bitstream generation completed
Running power analysis......
[100%] Power analysis completed
Generate file "E:\FileManager\RISCV\RISCY20kV2\impl\pnr\RISCY.power.html" completed
Generate file "E:\FileManager\RISCV\RISCY20kV2\impl\pnr\RISCY.pin.html" completed
Generate file "E:\FileManager\RISCV\RISCY20kV2\impl\pnr\RISCY.rpt.html" completed
Generate file "E:\FileManager\RISCV\RISCY20kV2\impl\pnr\RISCY.rpt.txt" completed
Generate file "E:\FileManager\RISCV\RISCY20kV2\impl\pnr\RISCY.tr.html" completed
Sun Sep 28 11:33:38 2025

